<?xml version="1.0" encoding="UTF-8"?>
<testng-results skipped="0" failed="0" ignored="0" total="2" passed="2">
  <reporter-output>
  </reporter-output>
  <suite name="Default suite" duration-ms="65" started-at="2022-03-20T20:25:59 IST" finished-at="2022-03-20T20:25:59 IST">
    <groups>
    </groups>
    <test name="Default test" duration-ms="65" started-at="2022-03-20T20:25:59 IST" finished-at="2022-03-20T20:25:59 IST">
      <class name="collectionsframework.query">
        <test-method status="PASS" signature="tc1()[pri:0, instance:collectionsframework.query@b8a058]" name="tc1" duration-ms="9" started-at="2022-03-20T20:25:59 IST" finished-at="2022-03-20T20:25:59 IST">
          <reporter-output>
          </reporter-output>
        </test-method> <!-- tc1 -->
        <test-method status="PASS" signature="tc2()[pri:0, instance:collectionsframework.query@b8a058]" name="tc2" duration-ms="2" started-at="2022-03-20T20:25:59 IST" finished-at="2022-03-20T20:25:59 IST">
          <reporter-output>
          </reporter-output>
        </test-method> <!-- tc2 -->
      </class> <!-- collectionsframework.query -->
    </test> <!-- Default test -->
  </suite> <!-- Default suite -->
</testng-results>
